<?xml version="1.0" encoding="UTF-8"?>
<coverage generated="1685874222859" clover="3.2.0">
  <project timestamp="1685874222859" name="All files">
    <metrics statements="241" coveredstatements="231" conditionals="111" coveredconditionals="93" methods="33" coveredmethods="26" elements="385" coveredelements="350" complexity="0" loc="241" ncloc="241" packages="6" files="13" classes="13"/>
    <package name="configs">
      <metrics statements="1" coveredstatements="1" conditionals="0" coveredconditionals="0" methods="0" coveredmethods="0"/>
      <file name="auth.config.js" path="C:\Users\omkar\OneDrive\Desktop\relevel\CRM sir\crm_backend-session1\crm_backend-session1\configs\auth.config.js">
        <metrics statements="1" coveredstatements="1" conditionals="0" coveredconditionals="0" methods="0" coveredmethods="0"/>
        <line num="1" count="2" type="stmt"/>
      </file>
    </package>
    <package name="controllers">
      <metrics statements="129" coveredstatements="125" conditionals="71" coveredconditionals="55" methods="15" coveredmethods="12"/>
      <file name="auth.controller.js" path="C:\Users\omkar\OneDrive\Desktop\relevel\CRM sir\crm_backend-session1\crm_backend-session1\controllers\auth.controller.js">
        <metrics statements="31" coveredstatements="31" conditionals="10" coveredconditionals="10" methods="7" coveredmethods="4"/>
        <line num="1" count="1" type="stmt"/>
        <line num="2" count="1" type="stmt"/>
        <line num="3" count="1" type="stmt"/>
        <line num="4" count="1" type="stmt"/>
        <line num="5" count="1" type="stmt"/>
        <line num="7" count="1" type="stmt"/>
        <line num="8" count="2" type="stmt"/>
        <line num="9" count="2" type="stmt"/>
        <line num="10" count="2" type="cond" truecount="2" falsecount="0"/>
        <line num="11" count="1" type="stmt"/>
        <line num="13" count="1" type="stmt"/>
        <line num="16" count="2" type="stmt"/>
        <line num="17" count="2" type="stmt"/>
        <line num="26" count="1" type="stmt"/>
        <line num="36" count="1" type="stmt"/>
        <line num="38" count="1" type="stmt"/>
        <line num="39" count="1" type="stmt"/>
        <line num="45" count="1" type="stmt"/>
        <line num="46" count="4" type="stmt"/>
        <line num="47" count="4" type="cond" truecount="2" falsecount="0"/>
        <line num="48" count="1" type="stmt"/>
        <line num="51" count="1" type="stmt"/>
        <line num="54" count="3" type="cond" truecount="2" falsecount="0"/>
        <line num="55" count="1" type="stmt"/>
        <line num="58" count="1" type="stmt"/>
        <line num="62" count="2" type="stmt"/>
        <line num="64" count="2" type="cond" truecount="2" falsecount="0"/>
        <line num="65" count="1" type="stmt"/>
        <line num="70" count="1" type="stmt"/>
        <line num="74" count="1" type="stmt"/>
        <line num="89" count="1" type="cond" truecount="2" falsecount="0"/>
      </file>
      <file name="ticket.controller.js" path="C:\Users\omkar\OneDrive\Desktop\relevel\CRM sir\crm_backend-session1\crm_backend-session1\controllers\ticket.controller.js">
        <metrics statements="75" coveredstatements="71" conditionals="55" coveredconditionals="40" methods="5" coveredmethods="5"/>
        <line num="1" count="1" type="stmt"/>
        <line num="2" count="1" type="stmt"/>
        <line num="3" count="1" type="stmt"/>
        <line num="5" count="1" type="stmt"/>
        <line num="6" count="2" type="stmt"/>
        <line num="16" count="2" type="stmt"/>
        <line num="21" count="2" type="stmt"/>
        <line num="23" count="2" type="stmt"/>
        <line num="24" count="2" type="stmt"/>
        <line num="26" count="1" type="cond" truecount="1" falsecount="1"/>
        <line num="27" count="1" type="stmt"/>
        <line num="29" count="1" type="stmt"/>
        <line num="31" count="1" type="cond" truecount="1" falsecount="1"/>
        <line num="32" count="1" type="stmt"/>
        <line num="33" count="1" type="stmt"/>
        <line num="39" count="1" type="stmt"/>
        <line num="43" count="1" type="stmt"/>
        <line num="47" count="1" type="stmt"/>
        <line num="48" count="4" type="stmt"/>
        <line num="49" count="4" type="stmt"/>
        <line num="51" count="3" type="cond" truecount="2" falsecount="0"/>
        <line num="55" count="1" type="stmt"/>
        <line num="67" count="1" type="stmt"/>
        <line num="69" count="1" type="stmt"/>
        <line num="72" count="2" type="stmt"/>
        <line num="74" count="2" type="cond" truecount="2" falsecount="0"/>
        <line num="75" count="1" type="stmt"/>
        <line num="87" count="1" type="stmt"/>
        <line num="89" count="1" type="stmt"/>
        <line num="91" count="1" type="stmt"/>
        <line num="96" count="1" type="stmt"/>
        <line num="103" count="1" type="stmt"/>
        <line num="104" count="3" type="stmt"/>
        <line num="105" count="3" type="stmt"/>
        <line num="108" count="2" type="cond" truecount="1" falsecount="1"/>
        <line num="109" count="0" type="stmt"/>
        <line num="110" count="2" type="cond" truecount="1" falsecount="1"/>
        <line num="111" count="0" type="stmt"/>
        <line num="112" count="2" type="cond" truecount="2" falsecount="0"/>
        <line num="113" count="1" type="stmt"/>
        <line num="114" count="1" type="stmt"/>
        <line num="116" count="1" type="cond" truecount="1" falsecount="1"/>
        <line num="117" count="0" type="stmt"/>
        <line num="119" count="1" type="stmt"/>
        <line num="123" count="1" type="stmt"/>
        <line num="124" count="6" type="stmt"/>
        <line num="125" count="6" type="stmt"/>
        <line num="127" count="5" type="cond" truecount="2" falsecount="0"/>
        <line num="128" count="4" type="cond" truecount="2" falsecount="0"/>
        <line num="129" count="2" type="cond" truecount="1" falsecount="1"/>
        <line num="130" count="2" type="stmt"/>
        <line num="131" count="2" type="cond" truecount="2" falsecount="0"/>
        <line num="132" count="1" type="stmt"/>
        <line num="134" count="1" type="stmt"/>
        <line num="136" count="1" type="stmt"/>
        <line num="139" count="1" type="stmt"/>
        <line num="143" count="1" type="stmt"/>
        <line num="144" count="5" type="stmt"/>
        <line num="145" count="5" type="stmt"/>
        <line num="147" count="5" type="stmt"/>
        <line num="148" count="5" type="stmt"/>
        <line num="149" count="5" type="stmt"/>
        <line num="151" count="4" type="cond" truecount="2" falsecount="0"/>
        <line num="157" count="1" type="stmt"/>
        <line num="158" count="1" type="stmt"/>
        <line num="159" count="1" type="stmt"/>
        <line num="160" count="1" type="stmt"/>
        <line num="161" count="1" type="stmt"/>
        <line num="166" count="3" type="cond" truecount="2" falsecount="0"/>
        <line num="167" count="2" type="cond" truecount="2" falsecount="0"/>
        <line num="168" count="1" type="stmt"/>
        <line num="169" count="1" type="cond" truecount="1" falsecount="1"/>
        <line num="170" count="1" type="stmt"/>
        <line num="171" count="0" type="stmt"/>
        <line num="173" count="1" type="stmt"/>
      </file>
      <file name="user.controller.js" path="C:\Users\omkar\OneDrive\Desktop\relevel\CRM sir\crm_backend-session1\crm_backend-session1\controllers\user.controller.js">
        <metrics statements="23" coveredstatements="23" conditionals="6" coveredconditionals="5" methods="3" coveredmethods="3"/>
        <line num="1" count="1" type="stmt"/>
        <line num="2" count="1" type="stmt"/>
        <line num="4" count="1" type="stmt"/>
        <line num="5" count="2" type="stmt"/>
        <line num="6" count="2" type="stmt"/>
        <line num="7" count="1" type="cond" truecount="1" falsecount="1"/>
        <line num="8" count="1" type="stmt"/>
        <line num="11" count="1" type="stmt"/>
        <line num="15" count="1" type="stmt"/>
        <line num="16" count="2" type="stmt"/>
        <line num="17" count="2" type="stmt"/>
        <line num="18" count="2" type="cond" truecount="2" falsecount="0"/>
        <line num="19" count="1" type="stmt"/>
        <line num="21" count="1" type="stmt"/>
        <line num="25" count="1" type="stmt"/>
        <line num="26" count="3" type="stmt"/>
        <line num="27" count="3" type="stmt"/>
        <line num="28" count="3" type="stmt"/>
        <line num="29" count="3" type="stmt"/>
        <line num="36" count="2" type="cond" truecount="2" falsecount="0"/>
        <line num="37" count="1" type="stmt"/>
        <line num="39" count="1" type="stmt"/>
        <line num="42" count="1" type="stmt"/>
      </file>
    </package>
    <package name="middlewares">
      <metrics statements="65" coveredstatements="65" conditionals="36" coveredconditionals="36" methods="6" coveredmethods="6"/>
      <file name="auth.jwt.js" path="C:\Users\omkar\OneDrive\Desktop\relevel\CRM sir\crm_backend-session1\crm_backend-session1\middlewares\auth.jwt.js">
        <metrics statements="27" coveredstatements="27" conditionals="10" coveredconditionals="10" methods="3" coveredmethods="3"/>
        <line num="1" count="1" type="stmt"/>
        <line num="2" count="1" type="stmt"/>
        <line num="4" count="1" type="stmt"/>
        <line num="5" count="1" type="stmt"/>
        <line num="7" count="1" type="stmt"/>
        <line num="8" count="3" type="stmt"/>
        <line num="10" count="3" type="cond" truecount="2" falsecount="0"/>
        <line num="11" count="1" type="stmt"/>
        <line num="13" count="2" type="stmt"/>
        <line num="15" count="2" type="cond" truecount="2" falsecount="0"/>
        <line num="16" count="1" type="stmt"/>
        <line num="17" count="1" type="stmt"/>
        <line num="19" count="1" type="stmt"/>
        <line num="26" count="1" type="stmt"/>
        <line num="27" count="2" type="stmt"/>
        <line num="29" count="2" type="cond" truecount="4" falsecount="0"/>
        <line num="30" count="1" type="stmt"/>
        <line num="32" count="1" type="stmt"/>
        <line num="38" count="1" type="stmt"/>
        <line num="39" count="2" type="stmt"/>
        <line num="40" count="2" type="stmt"/>
        <line num="41" count="2" type="stmt"/>
        <line num="42" count="9" type="cond" truecount="2" falsecount="0"/>
        <line num="43" count="1" type="stmt"/>
        <line num="46" count="1" type="stmt"/>
        <line num="49" count="1" type="stmt"/>
        <line num="55" count="1" type="stmt"/>
      </file>
      <file name="verifySignUp.js" path="C:\Users\omkar\OneDrive\Desktop\relevel\CRM sir\crm_backend-session1\crm_backend-session1\middlewares\verifySignUp.js">
        <metrics statements="23" coveredstatements="23" conditionals="18" coveredconditionals="18" methods="1" coveredmethods="1"/>
        <line num="1" count="1" type="stmt"/>
        <line num="2" count="1" type="stmt"/>
        <line num="4" count="1" type="stmt"/>
        <line num="8" count="7" type="cond" truecount="2" falsecount="0"/>
        <line num="9" count="1" type="stmt"/>
        <line num="16" count="6" type="cond" truecount="2" falsecount="0"/>
        <line num="17" count="1" type="stmt"/>
        <line num="24" count="5" type="stmt"/>
        <line num="25" count="5" type="cond" truecount="2" falsecount="0"/>
        <line num="26" count="1" type="stmt"/>
        <line num="33" count="4" type="cond" truecount="6" falsecount="0"/>
        <line num="34" count="1" type="stmt"/>
        <line num="39" count="3" type="stmt"/>
        <line num="40" count="3" type="cond" truecount="2" falsecount="0"/>
        <line num="41" count="1" type="stmt"/>
        <line num="48" count="2" type="stmt"/>
        <line num="49" count="2" type="stmt"/>
        <line num="50" count="2" type="cond" truecount="4" falsecount="0"/>
        <line num="51" count="1" type="stmt"/>
        <line num="54" count="1" type="stmt"/>
        <line num="57" count="1" type="stmt"/>
        <line num="60" count="1" type="stmt"/>
        <line num="64" count="1" type="stmt"/>
      </file>
      <file name="verifyTicketReqBody.js" path="C:\Users\omkar\OneDrive\Desktop\relevel\CRM sir\crm_backend-session1\crm_backend-session1\middlewares\verifyTicketReqBody.js">
        <metrics statements="15" coveredstatements="15" conditionals="8" coveredconditionals="8" methods="2" coveredmethods="2"/>
        <line num="1" count="1" type="stmt"/>
        <line num="3" count="1" type="stmt"/>
        <line num="5" count="3" type="cond" truecount="2" falsecount="0"/>
        <line num="6" count="1" type="stmt"/>
        <line num="12" count="2" type="cond" truecount="2" falsecount="0"/>
        <line num="13" count="1" type="stmt"/>
        <line num="18" count="1" type="stmt"/>
        <line num="21" count="1" type="stmt"/>
        <line num="22" count="2" type="stmt"/>
        <line num="24" count="2" type="stmt"/>
        <line num="31" count="2" type="cond" truecount="4" falsecount="0"/>
        <line num="32" count="1" type="stmt"/>
        <line num="37" count="1" type="stmt"/>
        <line num="40" count="1" type="stmt"/>
        <line num="46" count="1" type="stmt"/>
      </file>
    </package>
    <package name="models">
      <metrics statements="10" coveredstatements="8" conditionals="0" coveredconditionals="0" methods="4" coveredmethods="2"/>
      <file name="ticket.model.js" path="C:\Users\omkar\OneDrive\Desktop\relevel\CRM sir\crm_backend-session1\crm_backend-session1\models\ticket.model.js">
        <metrics statements="5" coveredstatements="3" conditionals="0" coveredconditionals="0" methods="2" coveredmethods="0"/>
        <line num="1" count="1" type="stmt"/>
        <line num="3" count="1" type="stmt"/>
        <line num="30" count="0" type="stmt"/>
        <line num="35" count="0" type="stmt"/>
        <line num="39" count="1" type="stmt"/>
      </file>
      <file name="user.model.js" path="C:\Users\omkar\OneDrive\Desktop\relevel\CRM sir\crm_backend-session1\crm_backend-session1\models\user.model.js">
        <metrics statements="5" coveredstatements="5" conditionals="0" coveredconditionals="0" methods="2" coveredmethods="2"/>
        <line num="1" count="5" type="stmt"/>
        <line num="3" count="5" type="stmt"/>
        <line num="45" count="1" type="stmt"/>
        <line num="49" count="1" type="stmt"/>
        <line num="53" count="5" type="stmt"/>
      </file>
    </package>
    <package name="test">
      <metrics statements="30" coveredstatements="30" conditionals="4" coveredconditionals="2" methods="6" coveredmethods="6"/>
      <file name="db.js" path="C:\Users\omkar\OneDrive\Desktop\relevel\CRM sir\crm_backend-session1\crm_backend-session1\test\db.js">
        <metrics statements="18" coveredstatements="18" conditionals="4" coveredconditionals="2" methods="3" coveredmethods="3"/>
        <line num="1" count="2" type="stmt"/>
        <line num="2" count="2" type="stmt"/>
        <line num="7" count="2" type="stmt"/>
        <line num="8" count="1" type="cond" truecount="1" falsecount="1"/>
        <line num="9" count="1" type="stmt"/>
        <line num="10" count="1" type="stmt"/>
        <line num="11" count="1" type="stmt"/>
        <line num="15" count="1" type="stmt"/>
        <line num="20" count="2" type="stmt"/>
        <line num="21" count="1" type="stmt"/>
        <line num="22" count="1" type="stmt"/>
        <line num="23" count="1" type="cond" truecount="1" falsecount="1"/>
        <line num="24" count="1" type="stmt"/>
        <line num="28" count="2" type="stmt"/>
        <line num="29" count="6" type="stmt"/>
        <line num="30" count="6" type="stmt"/>
        <line num="31" count="6" type="stmt"/>
        <line num="32" count="6" type="stmt"/>
      </file>
      <file name="interceptor.js" path="C:\Users\omkar\OneDrive\Desktop\relevel\CRM sir\crm_backend-session1\crm_backend-session1\test\interceptor.js">
        <metrics statements="12" coveredstatements="12" conditionals="0" coveredconditionals="0" methods="3" coveredmethods="3"/>
        <line num="1" count="6" type="stmt"/>
        <line num="3" count="52" type="stmt"/>
        <line num="4" count="52" type="stmt"/>
        <line num="5" count="52" type="stmt"/>
        <line num="6" count="52" type="stmt"/>
        <line num="9" count="52" type="stmt"/>
        <line num="10" count="52" type="stmt"/>
        <line num="11" count="52" type="stmt"/>
        <line num="12" count="52" type="stmt"/>
        <line num="13" count="52" type="stmt"/>
        <line num="16" count="19" type="stmt"/>
        <line num="17" count="19" type="stmt"/>
      </file>
    </package>
    <package name="utils">
      <metrics statements="6" coveredstatements="2" conditionals="0" coveredconditionals="0" methods="2" coveredmethods="0"/>
      <file name="constants.js" path="C:\Users\omkar\OneDrive\Desktop\relevel\CRM sir\crm_backend-session1\crm_backend-session1\utils\constants.js">
        <metrics statements="1" coveredstatements="1" conditionals="0" coveredconditionals="0" methods="0" coveredmethods="0"/>
        <line num="1" count="5" type="stmt"/>
      </file>
      <file name="converUserObject.js" path="C:\Users\omkar\OneDrive\Desktop\relevel\CRM sir\crm_backend-session1\crm_backend-session1\utils\converUserObject.js">
        <metrics statements="5" coveredstatements="1" conditionals="0" coveredconditionals="0" methods="2" coveredmethods="0"/>
        <line num="1" count="1" type="stmt"/>
        <line num="2" count="0" type="stmt"/>
        <line num="3" count="0" type="stmt"/>
        <line num="4" count="0" type="stmt"/>
        <line num="11" count="0" type="stmt"/>
      </file>
    </package>
  </project>
</coverage>
