{"C:\\Users\\omkar\\OneDrive\\Desktop\\relevel\\CRM sir\\crm_backend-session1\\crm_backend-session1\\configs\\auth.config.js": {"path":"C:\\Users\\omkar\\OneDrive\\Desktop\\relevel\\CRM sir\\crm_backend-session1\\crm_backend-session1\\configs\\auth.config.js","statementMap":{"0":{"start":{"line":1,"column":0},"end":{"line":3,"column":1}}},"fnMap":{},"branchMap":{},"s":{"0":1},"f":{},"b":{},"_coverageSchema":"1a1c01bbd47fc00a2c39e90264f33305004495a9","hash":"b34e05abee2759f2afc4f3a20862768474d326e3"}
,"C:\\Users\\omkar\\OneDrive\\Desktop\\relevel\\CRM sir\\crm_backend-session1\\crm_backend-session1\\controllers\\auth.controller.js": {"path":"C:\\Users\\omkar\\OneDrive\\Desktop\\relevel\\CRM sir\\crm_backend-session1\\crm_backend-session1\\controllers\\auth.controller.js","statementMap":{"0":{"start":{"line":1,"column":18},"end":{"line":1,"column":47}},"1":{"start":{"line":2,"column":13},"end":{"line":2,"column":44}},"2":{"start":{"line":3,"column":15},"end":{"line":3,"column":34}},"3":{"start":{"line":4,"column":12},"end":{"line":4,"column":35}},"4":{"start":{"line":5,"column":19},"end":{"line":5,"column":52}},"5":{"start":{"line":7,"column":0},"end":{"line":43,"column":1}},"6":{"start":{"line":8,"column":21},"end":{"line":8,"column":40}},"7":{"start":{"line":9,"column":19},"end":{"line":9,"column":36}},"8":{"start":{"line":10,"column":4},"end":{"line":14,"column":5}},"9":{"start":{"line":11,"column":8},"end":{"line":11,"column":50}},"10":{"start":{"line":13,"column":8},"end":{"line":13,"column":49}},"11":{"start":{"line":16,"column":4},"end":{"line":42,"column":5}},"12":{"start":{"line":17,"column":27},"end":{"line":24,"column":10}},"13":{"start":{"line":26,"column":29},"end":{"line":34,"column":9}},"14":{"start":{"line":36,"column":8},"end":{"line":36,"column":42}},"15":{"start":{"line":38,"column":28},"end":{"line":38,"column":104}},"16":{"start":{"line":39,"column":8},"end":{"line":41,"column":10}},"17":{"start":{"line":45,"column":0},"end":{"line":89,"column":21}},"18":{"start":{"line":46,"column":17},"end":{"line":46,"column":64}},"19":{"start":{"line":47,"column":4},"end":{"line":52,"column":5}},"20":{"start":{"line":48,"column":8},"end":{"line":50,"column":10}},"21":{"start":{"line":51,"column":8},"end":{"line":51,"column":15}},"22":{"start":{"line":54,"column":4},"end":{"line":59,"column":5}},"23":{"start":{"line":55,"column":8},"end":{"line":57,"column":10}},"24":{"start":{"line":58,"column":8},"end":{"line":58,"column":15}},"25":{"start":{"line":62,"column":26},"end":{"line":62,"column":78}},"26":{"start":{"line":64,"column":4},"end":{"line":68,"column":5}},"27":{"start":{"line":65,"column":8},"end":{"line":67,"column":10}},"28":{"start":{"line":70,"column":16},"end":{"line":72,"column":6}},"29":{"start":{"line":74,"column":4},"end":{"line":81,"column":6}},"30":{"start":{"line":89,"column":38},"end":{"line":89,"column":36224}},"31":{"start":{"line":89,"column":42},"end":{"line":89,"column":36213}},"32":{"start":{"line":89,"column":36249},"end":{"line":89,"column":36289}},"33":{"start":{"line":89,"column":36253},"end":{"line":89,"column":36278}},"34":{"start":{"line":89,"column":36290},"end":{"line":89,"column":36298}},"35":{"start":{"line":89,"column":36323},"end":{"line":89,"column":36365}},"36":{"start":{"line":89,"column":36327},"end":{"line":89,"column":36354}},"37":{"start":{"line":89,"column":36366},"end":{"line":89,"column":36374}},"38":{"start":{"line":89,"column":36393},"end":{"line":89,"column":36430}},"39":{"start":{"line":89,"column":36397},"end":{"line":89,"column":36419}},"40":{"start":{"line":89,"column":36449},"end":{"line":89,"column":36489}},"41":{"start":{"line":89,"column":36453},"end":{"line":89,"column":36478}}},"fnMap":{"0":{"name":"(anonymous_0)","decl":{"start":{"line":7,"column":17},"end":{"line":7,"column":18}},"loc":{"start":{"line":7,"column":37},"end":{"line":43,"column":1}},"line":7},"1":{"name":"(anonymous_1)","decl":{"start":{"line":45,"column":17},"end":{"line":45,"column":18}},"loc":{"start":{"line":45,"column":37},"end":{"line":82,"column":1}},"line":45},"2":{"name":"oo_cm","decl":{"start":{"line":89,"column":30},"end":{"line":89,"column":35}},"loc":{"start":{"line":89,"column":37},"end":{"line":89,"column":36225}},"line":89},"3":{"name":"oo_oo","decl":{"start":{"line":89,"column":36235},"end":{"line":89,"column":36240}},"loc":{"start":{"line":89,"column":36248},"end":{"line":89,"column":36299}},"line":89},"4":{"name":"oo_tr","decl":{"start":{"line":89,"column":36309},"end":{"line":89,"column":36314}},"loc":{"start":{"line":89,"column":36322},"end":{"line":89,"column":36375}},"line":89},"5":{"name":"oo_ts","decl":{"start":{"line":89,"column":36385},"end":{"line":89,"column":36390}},"loc":{"start":{"line":89,"column":36392},"end":{"line":89,"column":36431}},"line":89},"6":{"name":"oo_te","decl":{"start":{"line":89,"column":36441},"end":{"line":89,"column":36446}},"loc":{"start":{"line":89,"column":36448},"end":{"line":89,"column":36490}},"line":89}},"branchMap":{"0":{"loc":{"start":{"line":10,"column":4},"end":{"line":14,"column":5}},"type":"if","locations":[{"start":{"line":10,"column":4},"end":{"line":14,"column":5}},{"start":{"line":12,"column":11},"end":{"line":14,"column":5}}],"line":10},"1":{"loc":{"start":{"line":47,"column":4},"end":{"line":52,"column":5}},"type":"if","locations":[{"start":{"line":47,"column":4},"end":{"line":52,"column":5}},{"start":{},"end":{}}],"line":47},"2":{"loc":{"start":{"line":54,"column":4},"end":{"line":59,"column":5}},"type":"if","locations":[{"start":{"line":54,"column":4},"end":{"line":59,"column":5}},{"start":{},"end":{}}],"line":54},"3":{"loc":{"start":{"line":64,"column":4},"end":{"line":68,"column":5}},"type":"if","locations":[{"start":{"line":64,"column":4},"end":{"line":68,"column":5}},{"start":{},"end":{}}],"line":64},"4":{"loc":{"start":{"line":89,"column":49},"end":{"line":89,"column":36212}},"type":"binary-expr","locations":[{"start":{"line":89,"column":49},"end":{"line":89,"column":86}},{"start":{"line":89,"column":90},"end":{"line":89,"column":36212}}],"line":89}},"s":{"0":1,"1":1,"2":1,"3":1,"4":1,"5":1,"6":2,"7":2,"8":2,"9":1,"10":1,"11":2,"12":2,"13":1,"14":1,"15":1,"16":1,"17":1,"18":4,"19":4,"20":1,"21":1,"22":3,"23":1,"24":1,"25":2,"26":2,"27":1,"28":1,"29":1,"30":1,"31":1,"32":1,"33":1,"34":1,"35":0,"36":0,"37":0,"38":0,"39":0,"40":0,"41":0},"f":{"0":2,"1":4,"2":1,"3":1,"4":0,"5":0,"6":0},"b":{"0":[1,1],"1":[1,3],"2":[1,2],"3":[1,1],"4":[1,1]},"_coverageSchema":"1a1c01bbd47fc00a2c39e90264f33305004495a9","hash":"1c2f88fae0a678c978f7bdf0775573da81c38ba5"}
,"C:\\Users\\omkar\\OneDrive\\Desktop\\relevel\\CRM sir\\crm_backend-session1\\crm_backend-session1\\controllers\\ticket.controller.js": {"path":"C:\\Users\\omkar\\OneDrive\\Desktop\\relevel\\CRM sir\\crm_backend-session1\\crm_backend-session1\\controllers\\ticket.controller.js","statementMap":{"0":{"start":{"line":1,"column":13},"end":{"line":1,"column":44}},"1":{"start":{"line":2,"column":15},"end":{"line":2,"column":48}},"2":{"start":{"line":3,"column":18},"end":{"line":3,"column":47}},"3":{"start":{"line":5,"column":0},"end":{"line":45,"column":2}},"4":{"start":{"line":6,"column":23},"end":{"line":12,"column":3}},"5":{"start":{"line":16,"column":19},"end":{"line":19,"column":4}},"6":{"start":{"line":21,"column":2},"end":{"line":21,"column":42}},"7":{"start":{"line":23,"column":2},"end":{"line":44,"column":3}},"8":{"start":{"line":24,"column":19},"end":{"line":24,"column":52}},"9":{"start":{"line":26,"column":4},"end":{"line":35,"column":5}},"10":{"start":{"line":27,"column":19},"end":{"line":27,"column":61}},"11":{"start":{"line":27,"column":63},"end":{"line":27,"column":81}},"12":{"start":{"line":29,"column":6},"end":{"line":29,"column":43}},"13":{"start":{"line":31,"column":6},"end":{"line":34,"column":7}},"14":{"start":{"line":32,"column":8},"end":{"line":32,"column":50}},"15":{"start":{"line":33,"column":8},"end":{"line":33,"column":30}},"16":{"start":{"line":39,"column":4},"end":{"line":41,"column":70}},"17":{"start":{"line":43,"column":4},"end":{"line":43,"column":68}},"18":{"start":{"line":47,"column":0},"end":{"line":101,"column":2}},"19":{"start":{"line":48,"column":2},"end":{"line":100,"column":3}},"20":{"start":{"line":49,"column":19},"end":{"line":49,"column":55}},"21":{"start":{"line":51,"column":4},"end":{"line":70,"column":5}},"22":{"start":{"line":55,"column":6},"end":{"line":65,"column":74}},"23":{"start":{"line":67,"column":26},"end":{"line":67,"column":45}},"24":{"start":{"line":69,"column":6},"end":{"line":69,"column":49}},"25":{"start":{"line":72,"column":19},"end":{"line":72,"column":61}},"26":{"start":{"line":74,"column":4},"end":{"line":94,"column":5}},"27":{"start":{"line":75,"column":6},"end":{"line":85,"column":74}},"28":{"start":{"line":87,"column":26},"end":{"line":87,"column":45}},"29":{"start":{"line":89,"column":6},"end":{"line":89,"column":49}},"30":{"start":{"line":91,"column":6},"end":{"line":93,"column":9}},"31":{"start":{"line":96,"column":4},"end":{"line":99,"column":7}},"32":{"start":{"line":103,"column":0},"end":{"line":121,"column":2}},"33":{"start":{"line":104,"column":2},"end":{"line":120,"column":3}},"34":{"start":{"line":105,"column":15},"end":{"line":105,"column":57}},"35":{"start":{"line":108,"column":4},"end":{"line":114,"column":70}},"36":{"start":{"line":109,"column":6},"end":{"line":109,"column":73}},"37":{"start":{"line":110,"column":9},"end":{"line":114,"column":70}},"38":{"start":{"line":111,"column":6},"end":{"line":111,"column":74}},"39":{"start":{"line":112,"column":9},"end":{"line":114,"column":70}},"40":{"start":{"line":113,"column":6},"end":{"line":113,"column":38}},"41":{"start":{"line":114,"column":9},"end":{"line":114,"column":70}},"42":{"start":{"line":116,"column":4},"end":{"line":117,"column":57}},"43":{"start":{"line":116,"column":24},"end":{"line":116,"column":61}},"44":{"start":{"line":117,"column":9},"end":{"line":117,"column":57}},"45":{"start":{"line":119,"column":4},"end":{"line":119,"column":48}},"46":{"start":{"line":123,"column":0},"end":{"line":141,"column":2}},"47":{"start":{"line":124,"column":2},"end":{"line":140,"column":3}},"48":{"start":{"line":125,"column":17},"end":{"line":125,"column":53}},"49":{"start":{"line":127,"column":4},"end":{"line":137,"column":5}},"50":{"start":{"line":128,"column":6},"end":{"line":128,"column":77}},"51":{"start":{"line":128,"column":41},"end":{"line":128,"column":77}},"52":{"start":{"line":129,"column":6},"end":{"line":129,"column":77}},"53":{"start":{"line":129,"column":41},"end":{"line":129,"column":77}},"54":{"start":{"line":130,"column":17},"end":{"line":130,"column":59}},"55":{"start":{"line":131,"column":6},"end":{"line":134,"column":80}},"56":{"start":{"line":132,"column":8},"end":{"line":132,"column":44}},"57":{"start":{"line":134,"column":8},"end":{"line":134,"column":80}},"58":{"start":{"line":136,"column":6},"end":{"line":136,"column":54}},"59":{"start":{"line":139,"column":4},"end":{"line":139,"column":48}},"60":{"start":{"line":143,"column":0},"end":{"line":175,"column":2}},"61":{"start":{"line":144,"column":17},"end":{"line":144,"column":34}},"62":{"start":{"line":145,"column":19},"end":{"line":145,"column":38}},"63":{"start":{"line":147,"column":2},"end":{"line":174,"column":3}},"64":{"start":{"line":148,"column":17},"end":{"line":148,"column":48}},"65":{"start":{"line":149,"column":19},"end":{"line":149,"column":50}},"66":{"start":{"line":151,"column":4},"end":{"line":171,"column":65}},"67":{"start":{"line":157,"column":6},"end":{"line":157,"column":35}},"68":{"start":{"line":158,"column":6},"end":{"line":158,"column":46}},"69":{"start":{"line":159,"column":6},"end":{"line":159,"column":26}},"70":{"start":{"line":160,"column":6},"end":{"line":160,"column":28}},"71":{"start":{"line":161,"column":6},"end":{"line":165,"column":10}},"72":{"start":{"line":166,"column":11},"end":{"line":171,"column":65}},"73":{"start":{"line":166,"column":24},"end":{"line":166,"column":78}},"74":{"start":{"line":167,"column":9},"end":{"line":171,"column":65}},"75":{"start":{"line":168,"column":6},"end":{"line":168,"column":61}},"76":{"start":{"line":169,"column":9},"end":{"line":171,"column":65}},"77":{"start":{"line":170,"column":6},"end":{"line":170,"column":62}},"78":{"start":{"line":171,"column":9},"end":{"line":171,"column":65}},"79":{"start":{"line":173,"column":4},"end":{"line":173,"column":43}}},"fnMap":{"0":{"name":"(anonymous_0)","decl":{"start":{"line":5,"column":23},"end":{"line":5,"column":24}},"loc":{"start":{"line":5,"column":43},"end":{"line":45,"column":1}},"line":5},"1":{"name":"(anonymous_1)","decl":{"start":{"line":47,"column":23},"end":{"line":47,"column":24}},"loc":{"start":{"line":47,"column":43},"end":{"line":101,"column":1}},"line":47},"2":{"name":"(anonymous_2)","decl":{"start":{"line":103,"column":24},"end":{"line":103,"column":25}},"loc":{"start":{"line":103,"column":44},"end":{"line":121,"column":1}},"line":103},"3":{"name":"(anonymous_3)","decl":{"start":{"line":123,"column":23},"end":{"line":123,"column":24}},"loc":{"start":{"line":123,"column":43},"end":{"line":141,"column":1}},"line":123},"4":{"name":"(anonymous_4)","decl":{"start":{"line":143,"column":27},"end":{"line":143,"column":28}},"loc":{"start":{"line":143,"column":47},"end":{"line":175,"column":1}},"line":143}},"branchMap":{"0":{"loc":{"start":{"line":26,"column":4},"end":{"line":35,"column":5}},"type":"if","locations":[{"start":{"line":26,"column":4},"end":{"line":35,"column":5}},{"start":{},"end":{}}],"line":26},"1":{"loc":{"start":{"line":31,"column":6},"end":{"line":34,"column":7}},"type":"if","locations":[{"start":{"line":31,"column":6},"end":{"line":34,"column":7}},{"start":{},"end":{}}],"line":31},"2":{"loc":{"start":{"line":51,"column":4},"end":{"line":70,"column":5}},"type":"if","locations":[{"start":{"line":51,"column":4},"end":{"line":70,"column":5}},{"start":{},"end":{}}],"line":51},"3":{"loc":{"start":{"line":52,"column":7},"end":{"line":53,"column":37}},"type":"binary-expr","locations":[{"start":{"line":52,"column":7},"end":{"line":52,"column":13}},{"start":{"line":52,"column":18},"end":{"line":52,"column":47}},{"start":{"line":53,"column":8},"end":{"line":53,"column":37}}],"line":52},"4":{"loc":{"start":{"line":56,"column":8},"end":{"line":56,"column":67}},"type":"cond-expr","locations":[{"start":{"line":56,"column":38},"end":{"line":56,"column":52}},{"start":{"line":56,"column":55},"end":{"line":56,"column":67}}],"line":56},"5":{"loc":{"start":{"line":58,"column":10},"end":{"line":60,"column":32}},"type":"cond-expr","locations":[{"start":{"line":59,"column":14},"end":{"line":59,"column":34}},{"start":{"line":60,"column":14},"end":{"line":60,"column":32}}],"line":58},"6":{"loc":{"start":{"line":61,"column":8},"end":{"line":63,"column":33}},"type":"cond-expr","locations":[{"start":{"line":62,"column":12},"end":{"line":62,"column":35}},{"start":{"line":63,"column":12},"end":{"line":63,"column":33}}],"line":61},"7":{"loc":{"start":{"line":65,"column":10},"end":{"line":65,"column":72}},"type":"cond-expr","locations":[{"start":{"line":65,"column":41},"end":{"line":65,"column":56}},{"start":{"line":65,"column":59},"end":{"line":65,"column":72}}],"line":65},"8":{"loc":{"start":{"line":74,"column":4},"end":{"line":94,"column":5}},"type":"if","locations":[{"start":{"line":74,"column":4},"end":{"line":94,"column":5}},{"start":{"line":90,"column":11},"end":{"line":94,"column":5}}],"line":74},"9":{"loc":{"start":{"line":76,"column":8},"end":{"line":76,"column":67}},"type":"cond-expr","locations":[{"start":{"line":76,"column":38},"end":{"line":76,"column":52}},{"start":{"line":76,"column":55},"end":{"line":76,"column":67}}],"line":76},"10":{"loc":{"start":{"line":78,"column":10},"end":{"line":80,"column":32}},"type":"cond-expr","locations":[{"start":{"line":79,"column":14},"end":{"line":79,"column":34}},{"start":{"line":80,"column":14},"end":{"line":80,"column":32}}],"line":78},"11":{"loc":{"start":{"line":81,"column":8},"end":{"line":83,"column":33}},"type":"cond-expr","locations":[{"start":{"line":82,"column":12},"end":{"line":82,"column":35}},{"start":{"line":83,"column":12},"end":{"line":83,"column":33}}],"line":81},"12":{"loc":{"start":{"line":85,"column":10},"end":{"line":85,"column":72}},"type":"cond-expr","locations":[{"start":{"line":85,"column":41},"end":{"line":85,"column":56}},{"start":{"line":85,"column":59},"end":{"line":85,"column":72}}],"line":85},"13":{"loc":{"start":{"line":108,"column":4},"end":{"line":114,"column":70}},"type":"if","locations":[{"start":{"line":108,"column":4},"end":{"line":114,"column":70}},{"start":{"line":110,"column":9},"end":{"line":114,"column":70}}],"line":108},"14":{"loc":{"start":{"line":110,"column":9},"end":{"line":114,"column":70}},"type":"if","locations":[{"start":{"line":110,"column":9},"end":{"line":114,"column":70}},{"start":{"line":112,"column":9},"end":{"line":114,"column":70}}],"line":110},"15":{"loc":{"start":{"line":112,"column":9},"end":{"line":114,"column":70}},"type":"if","locations":[{"start":{"line":112,"column":9},"end":{"line":114,"column":70}},{"start":{"line":114,"column":9},"end":{"line":114,"column":70}}],"line":112},"16":{"loc":{"start":{"line":116,"column":4},"end":{"line":117,"column":57}},"type":"if","locations":[{"start":{"line":116,"column":4},"end":{"line":117,"column":57}},{"start":{"line":117,"column":9},"end":{"line":117,"column":57}}],"line":116},"17":{"loc":{"start":{"line":127,"column":4},"end":{"line":137,"column":5}},"type":"if","locations":[{"start":{"line":127,"column":4},"end":{"line":137,"column":5}},{"start":{"line":135,"column":11},"end":{"line":137,"column":5}}],"line":127},"18":{"loc":{"start":{"line":128,"column":6},"end":{"line":128,"column":77}},"type":"if","locations":[{"start":{"line":128,"column":6},"end":{"line":128,"column":77}},{"start":{},"end":{}}],"line":128},"19":{"loc":{"start":{"line":129,"column":6},"end":{"line":129,"column":77}},"type":"if","locations":[{"start":{"line":129,"column":6},"end":{"line":129,"column":77}},{"start":{},"end":{}}],"line":129},"20":{"loc":{"start":{"line":131,"column":6},"end":{"line":134,"column":80}},"type":"if","locations":[{"start":{"line":131,"column":6},"end":{"line":134,"column":80}},{"start":{"line":134,"column":8},"end":{"line":134,"column":80}}],"line":131},"21":{"loc":{"start":{"line":151,"column":4},"end":{"line":171,"column":65}},"type":"if","locations":[{"start":{"line":151,"column":4},"end":{"line":171,"column":65}},{"start":{"line":166,"column":11},"end":{"line":171,"column":65}}],"line":151},"22":{"loc":{"start":{"line":152,"column":6},"end":{"line":155,"column":59}},"type":"binary-expr","locations":[{"start":{"line":152,"column":6},"end":{"line":152,"column":12}},{"start":{"line":153,"column":6},"end":{"line":153,"column":33}},{"start":{"line":154,"column":6},"end":{"line":154,"column":14}},{"start":{"line":155,"column":6},"end":{"line":155,"column":59}}],"line":152},"23":{"loc":{"start":{"line":166,"column":11},"end":{"line":171,"column":65}},"type":"if","locations":[{"start":{"line":166,"column":11},"end":{"line":171,"column":65}},{"start":{"line":167,"column":9},"end":{"line":171,"column":65}}],"line":166},"24":{"loc":{"start":{"line":167,"column":9},"end":{"line":171,"column":65}},"type":"if","locations":[{"start":{"line":167,"column":9},"end":{"line":171,"column":65}},{"start":{"line":169,"column":9},"end":{"line":171,"column":65}}],"line":167},"25":{"loc":{"start":{"line":169,"column":9},"end":{"line":171,"column":65}},"type":"if","locations":[{"start":{"line":169,"column":9},"end":{"line":171,"column":65}},{"start":{"line":171,"column":9},"end":{"line":171,"column":65}}],"line":169}},"s":{"0":1,"1":1,"2":1,"3":1,"4":2,"5":2,"6":2,"7":2,"8":2,"9":1,"10":1,"11":1,"12":1,"13":1,"14":1,"15":1,"16":1,"17":1,"18":1,"19":4,"20":4,"21":3,"22":1,"23":1,"24":1,"25":2,"26":2,"27":1,"28":1,"29":1,"30":1,"31":1,"32":1,"33":3,"34":3,"35":2,"36":0,"37":2,"38":0,"39":2,"40":1,"41":1,"42":1,"43":1,"44":0,"45":1,"46":1,"47":6,"48":6,"49":5,"50":4,"51":2,"52":2,"53":0,"54":2,"55":2,"56":1,"57":1,"58":1,"59":1,"60":1,"61":5,"62":5,"63":5,"64":5,"65":5,"66":4,"67":1,"68":1,"69":1,"70":1,"71":1,"72":3,"73":1,"74":2,"75":1,"76":1,"77":1,"78":0,"79":1},"f":{"0":2,"1":4,"2":3,"3":6,"4":5},"b":{"0":[1,0],"1":[1,0],"2":[1,2],"3":[3,3,2],"4":[0,1],"5":[0,1],"6":[1,0],"7":[0,1],"8":[1,1],"9":[0,1],"10":[0,1],"11":[0,1],"12":[0,1],"13":[0,2],"14":[0,2],"15":[1,1],"16":[1,0],"17":[4,1],"18":[2,2],"19":[0,2],"20":[1,1],"21":[1,3],"22":[4,3,2,2],"23":[1,2],"24":[1,1],"25":[1,0]},"_coverageSchema":"1a1c01bbd47fc00a2c39e90264f33305004495a9","hash":"85cf154878e140cfbbc66eb952e747ec27a5174b"}
,"C:\\Users\\omkar\\OneDrive\\Desktop\\relevel\\CRM sir\\crm_backend-session1\\crm_backend-session1\\controllers\\user.controller.js": {"path":"C:\\Users\\omkar\\OneDrive\\Desktop\\relevel\\CRM sir\\crm_backend-session1\\crm_backend-session1\\controllers\\user.controller.js","statementMap":{"0":{"start":{"line":1,"column":13},"end":{"line":1,"column":44}},"1":{"start":{"line":2,"column":25},"end":{"line":2,"column":61}},"2":{"start":{"line":4,"column":0},"end":{"line":13,"column":2}},"3":{"start":{"line":5,"column":2},"end":{"line":12,"column":3}},"4":{"start":{"line":6,"column":16},"end":{"line":6,"column":35}},"5":{"start":{"line":7,"column":4},"end":{"line":9,"column":5}},"6":{"start":{"line":8,"column":6},"end":{"line":8,"column":41}},"7":{"start":{"line":11,"column":4},"end":{"line":11,"column":50}},"8":{"start":{"line":15,"column":0},"end":{"line":23,"column":2}},"9":{"start":{"line":16,"column":11},"end":{"line":16,"column":28}},"10":{"start":{"line":17,"column":13},"end":{"line":17,"column":47}},"11":{"start":{"line":18,"column":2},"end":{"line":22,"column":3}},"12":{"start":{"line":19,"column":4},"end":{"line":19,"column":38}},"13":{"start":{"line":21,"column":4},"end":{"line":21,"column":59}},"14":{"start":{"line":25,"column":0},"end":{"line":44,"column":2}},"15":{"start":{"line":26,"column":2},"end":{"line":43,"column":3}},"16":{"start":{"line":27,"column":13},"end":{"line":27,"column":30}},"17":{"start":{"line":28,"column":23},"end":{"line":28,"column":31}},"18":{"start":{"line":29,"column":15},"end":{"line":34,"column":5}},"19":{"start":{"line":36,"column":4},"end":{"line":40,"column":5}},"20":{"start":{"line":37,"column":6},"end":{"line":37,"column":63}},"21":{"start":{"line":39,"column":6},"end":{"line":39,"column":52}},"22":{"start":{"line":42,"column":4},"end":{"line":42,"column":50}}},"fnMap":{"0":{"name":"(anonymous_0)","decl":{"start":{"line":4,"column":18},"end":{"line":4,"column":19}},"loc":{"start":{"line":4,"column":38},"end":{"line":13,"column":1}},"line":4},"1":{"name":"(anonymous_1)","decl":{"start":{"line":15,"column":19},"end":{"line":15,"column":20}},"loc":{"start":{"line":15,"column":39},"end":{"line":23,"column":1}},"line":15},"2":{"name":"(anonymous_2)","decl":{"start":{"line":25,"column":21},"end":{"line":25,"column":22}},"loc":{"start":{"line":25,"column":41},"end":{"line":44,"column":1}},"line":25}},"branchMap":{"0":{"loc":{"start":{"line":7,"column":4},"end":{"line":9,"column":5}},"type":"if","locations":[{"start":{"line":7,"column":4},"end":{"line":9,"column":5}},{"start":{},"end":{}}],"line":7},"1":{"loc":{"start":{"line":18,"column":2},"end":{"line":22,"column":3}},"type":"if","locations":[{"start":{"line":18,"column":2},"end":{"line":22,"column":3}},{"start":{"line":20,"column":9},"end":{"line":22,"column":3}}],"line":18},"2":{"loc":{"start":{"line":36,"column":4},"end":{"line":40,"column":5}},"type":"if","locations":[{"start":{"line":36,"column":4},"end":{"line":40,"column":5}},{"start":{"line":38,"column":11},"end":{"line":40,"column":5}}],"line":36}},"s":{"0":1,"1":1,"2":1,"3":2,"4":2,"5":1,"6":1,"7":1,"8":1,"9":2,"10":2,"11":2,"12":1,"13":1,"14":1,"15":3,"16":3,"17":3,"18":3,"19":2,"20":1,"21":1,"22":1},"f":{"0":2,"1":2,"2":3},"b":{"0":[1,0],"1":[1,1],"2":[1,1]},"_coverageSchema":"1a1c01bbd47fc00a2c39e90264f33305004495a9","hash":"082edcec79a4327ce4543ed81a3caed916e06454"}
,"C:\\Users\\omkar\\OneDrive\\Desktop\\relevel\\CRM sir\\crm_backend-session1\\crm_backend-session1\\models\\ticket.model.js": {"path":"C:\\Users\\omkar\\OneDrive\\Desktop\\relevel\\CRM sir\\crm_backend-session1\\crm_backend-session1\\models\\ticket.model.js","statementMap":{"0":{"start":{"line":1,"column":17},"end":{"line":1,"column":36}},"1":{"start":{"line":3,"column":21},"end":{"line":37,"column":2}},"2":{"start":{"line":30,"column":19},"end":{"line":30,"column":29}},"3":{"start":{"line":35,"column":19},"end":{"line":35,"column":29}},"4":{"start":{"line":39,"column":0},"end":{"line":39,"column":56}}},"fnMap":{"0":{"name":"(anonymous_0)","decl":{"start":{"line":30,"column":13},"end":{"line":30,"column":14}},"loc":{"start":{"line":30,"column":19},"end":{"line":30,"column":29}},"line":30},"1":{"name":"(anonymous_1)","decl":{"start":{"line":35,"column":13},"end":{"line":35,"column":14}},"loc":{"start":{"line":35,"column":19},"end":{"line":35,"column":29}},"line":35}},"branchMap":{},"s":{"0":1,"1":1,"2":0,"3":0,"4":1},"f":{"0":0,"1":0},"b":{},"_coverageSchema":"1a1c01bbd47fc00a2c39e90264f33305004495a9","hash":"a2a7ba7cf8aacbd0088dd7ece5f18c4b2c6451bf"}
,"C:\\Users\\omkar\\OneDrive\\Desktop\\relevel\\CRM sir\\crm_backend-session1\\crm_backend-session1\\models\\user.model.js": {"path":"C:\\Users\\omkar\\OneDrive\\Desktop\\relevel\\CRM sir\\crm_backend-session1\\crm_backend-session1\\models\\user.model.js","statementMap":{"0":{"start":{"line":1,"column":17},"end":{"line":1,"column":36}},"1":{"start":{"line":3,"column":19},"end":{"line":51,"column":2}},"2":{"start":{"line":45,"column":24},"end":{"line":45,"column":42}},"3":{"start":{"line":49,"column":24},"end":{"line":49,"column":42}},"4":{"start":{"line":53,"column":0},"end":{"line":53,"column":52}}},"fnMap":{"0":{"name":"(anonymous_0)","decl":{"start":{"line":45,"column":17},"end":{"line":45,"column":18}},"loc":{"start":{"line":45,"column":23},"end":{"line":45,"column":43}},"line":45},"1":{"name":"(anonymous_1)","decl":{"start":{"line":49,"column":17},"end":{"line":49,"column":18}},"loc":{"start":{"line":49,"column":23},"end":{"line":49,"column":43}},"line":49}},"branchMap":{},"s":{"0":3,"1":3,"2":1,"3":1,"4":3},"f":{"0":1,"1":1},"b":{},"_coverageSchema":"1a1c01bbd47fc00a2c39e90264f33305004495a9","hash":"70accbc72d8c0d23aed0357db32222e66dffa25d"}
,"C:\\Users\\omkar\\OneDrive\\Desktop\\relevel\\CRM sir\\crm_backend-session1\\crm_backend-session1\\test\\db.js": {"path":"C:\\Users\\omkar\\OneDrive\\Desktop\\relevel\\CRM sir\\crm_backend-session1\\crm_backend-session1\\test\\db.js","statementMap":{"0":{"start":{"line":1,"column":15},"end":{"line":1,"column":34}},"1":{"start":{"line":2,"column":28},"end":{"line":2,"column":60}},"2":{"start":{"line":7,"column":0},"end":{"line":17,"column":1}},"3":{"start":{"line":8,"column":2},"end":{"line":16,"column":3}},"4":{"start":{"line":9,"column":4},"end":{"line":9,"column":45}},"5":{"start":{"line":10,"column":14},"end":{"line":10,"column":29}},"6":{"start":{"line":11,"column":22},"end":{"line":14,"column":5}},"7":{"start":{"line":15,"column":4},"end":{"line":15,"column":38}},"8":{"start":{"line":20,"column":0},"end":{"line":26,"column":1}},"9":{"start":{"line":21,"column":2},"end":{"line":21,"column":42}},"10":{"start":{"line":22,"column":2},"end":{"line":22,"column":35}},"11":{"start":{"line":23,"column":2},"end":{"line":25,"column":3}},"12":{"start":{"line":24,"column":4},"end":{"line":24,"column":23}},"13":{"start":{"line":28,"column":0},"end":{"line":34,"column":1}},"14":{"start":{"line":29,"column":20},"end":{"line":29,"column":57}},"15":{"start":{"line":30,"column":2},"end":{"line":33,"column":3}},"16":{"start":{"line":31,"column":15},"end":{"line":31,"column":29}},"17":{"start":{"line":32,"column":4},"end":{"line":32,"column":27}}},"fnMap":{"0":{"name":"(anonymous_0)","decl":{"start":{"line":7,"column":25},"end":{"line":7,"column":26}},"loc":{"start":{"line":7,"column":37},"end":{"line":17,"column":1}},"line":7},"1":{"name":"(anonymous_1)","decl":{"start":{"line":20,"column":25},"end":{"line":20,"column":26}},"loc":{"start":{"line":20,"column":37},"end":{"line":26,"column":1}},"line":20},"2":{"name":"(anonymous_2)","decl":{"start":{"line":28,"column":25},"end":{"line":28,"column":26}},"loc":{"start":{"line":28,"column":37},"end":{"line":34,"column":1}},"line":28}},"branchMap":{"0":{"loc":{"start":{"line":8,"column":2},"end":{"line":16,"column":3}},"type":"if","locations":[{"start":{"line":8,"column":2},"end":{"line":16,"column":3}},{"start":{},"end":{}}],"line":8},"1":{"loc":{"start":{"line":23,"column":2},"end":{"line":25,"column":3}},"type":"if","locations":[{"start":{"line":23,"column":2},"end":{"line":25,"column":3}},{"start":{},"end":{}}],"line":23}},"s":{"0":2,"1":2,"2":2,"3":1,"4":1,"5":1,"6":1,"7":1,"8":2,"9":1,"10":1,"11":1,"12":1,"13":2,"14":6,"15":6,"16":6,"17":6},"f":{"0":1,"1":1,"2":6},"b":{"0":[1,0],"1":[1,0]},"_coverageSchema":"1a1c01bbd47fc00a2c39e90264f33305004495a9","hash":"005cfa6efb67396b977cca7f4d1872823fa40727"}
,"C:\\Users\\omkar\\OneDrive\\Desktop\\relevel\\CRM sir\\crm_backend-session1\\crm_backend-session1\\test\\interceptor.js": {"path":"C:\\Users\\omkar\\OneDrive\\Desktop\\relevel\\CRM sir\\crm_backend-session1\\crm_backend-session1\\test\\interceptor.js","statementMap":{"0":{"start":{"line":1,"column":0},"end":{"line":15,"column":2}},"1":{"start":{"line":3,"column":16},"end":{"line":3,"column":18}},"2":{"start":{"line":4,"column":4},"end":{"line":4,"column":46}},"3":{"start":{"line":5,"column":4},"end":{"line":5,"column":48}},"4":{"start":{"line":6,"column":4},"end":{"line":6,"column":15}},"5":{"start":{"line":9,"column":16},"end":{"line":9,"column":18}},"6":{"start":{"line":10,"column":4},"end":{"line":10,"column":46}},"7":{"start":{"line":11,"column":4},"end":{"line":11,"column":48}},"8":{"start":{"line":12,"column":4},"end":{"line":12,"column":46}},"9":{"start":{"line":13,"column":4},"end":{"line":13,"column":14}}},"fnMap":{"0":{"name":"(anonymous_0)","decl":{"start":{"line":2,"column":11},"end":{"line":2,"column":12}},"loc":{"start":{"line":2,"column":17},"end":{"line":7,"column":3}},"line":2},"1":{"name":"(anonymous_1)","decl":{"start":{"line":8,"column":11},"end":{"line":8,"column":12}},"loc":{"start":{"line":8,"column":17},"end":{"line":14,"column":3}},"line":8}},"branchMap":{},"s":{"0":3,"1":33,"2":33,"3":33,"4":33,"5":33,"6":33,"7":33,"8":33,"9":33},"f":{"0":33,"1":33},"b":{},"_coverageSchema":"1a1c01bbd47fc00a2c39e90264f33305004495a9","hash":"9fa9bdf7287b6ef46c5e623befa50b74df97962a"}
,"C:\\Users\\omkar\\OneDrive\\Desktop\\relevel\\CRM sir\\crm_backend-session1\\crm_backend-session1\\utils\\constants.js": {"path":"C:\\Users\\omkar\\OneDrive\\Desktop\\relevel\\CRM sir\\crm_backend-session1\\crm_backend-session1\\utils\\constants.js","statementMap":{"0":{"start":{"line":1,"column":0},"end":{"line":20,"column":1}}},"fnMap":{},"branchMap":{},"s":{"0":2},"f":{},"b":{},"_coverageSchema":"1a1c01bbd47fc00a2c39e90264f33305004495a9","hash":"7a730ed63595553ddc167df1aae1b571600867b2"}
,"C:\\Users\\omkar\\OneDrive\\Desktop\\relevel\\CRM sir\\crm_backend-session1\\crm_backend-session1\\utils\\converUserObject.js": {"path":"C:\\Users\\omkar\\OneDrive\\Desktop\\relevel\\CRM sir\\crm_backend-session1\\crm_backend-session1\\utils\\converUserObject.js","statementMap":{"0":{"start":{"line":1,"column":0},"end":{"line":12,"column":2}},"1":{"start":{"line":2,"column":19},"end":{"line":2,"column":21}},"2":{"start":{"line":3,"column":2},"end":{"line":10,"column":5}},"3":{"start":{"line":4,"column":4},"end":{"line":9,"column":7}},"4":{"start":{"line":11,"column":2},"end":{"line":11,"column":20}}},"fnMap":{"0":{"name":"(anonymous_0)","decl":{"start":{"line":1,"column":23},"end":{"line":1,"column":24}},"loc":{"start":{"line":1,"column":34},"end":{"line":12,"column":1}},"line":1},"1":{"name":"(anonymous_1)","decl":{"start":{"line":3,"column":22},"end":{"line":3,"column":23}},"loc":{"start":{"line":3,"column":32},"end":{"line":10,"column":3}},"line":3}},"branchMap":{},"s":{"0":1,"1":0,"2":0,"3":0,"4":0},"f":{"0":0,"1":0},"b":{},"_coverageSchema":"1a1c01bbd47fc00a2c39e90264f33305004495a9","hash":"cb7c6dd1c140ce58756ac0c858c9628042677a61"}
}
