TN:
SF:configs\auth.config.js
FNF:0
FNH:0
DA:1,2
LF:1
LH:1
BRF:0
BRH:0
end_of_record
TN:
SF:controllers\auth.controller.js
FN:7,(anonymous_0)
FN:45,(anonymous_1)
FN:89,oo_cm
FN:89,oo_oo
FN:89,oo_tr
FN:89,oo_ts
FN:89,oo_te
FNF:7
FNH:4
FNDA:2,(anonymous_0)
FNDA:4,(anonymous_1)
FNDA:1,oo_cm
FNDA:1,oo_oo
FNDA:0,oo_tr
FNDA:0,oo_ts
FNDA:0,oo_te
DA:1,1
DA:2,1
DA:3,1
DA:4,1
DA:5,1
DA:7,1
DA:8,2
DA:9,2
DA:10,2
DA:11,1
DA:13,1
DA:16,2
DA:17,2
DA:26,1
DA:36,1
DA:38,1
DA:39,1
DA:45,1
DA:46,4
DA:47,4
DA:48,1
DA:51,1
DA:54,3
DA:55,1
DA:58,1
DA:62,2
DA:64,2
DA:65,1
DA:70,1
DA:74,1
DA:89,1
LF:31
LH:31
BRDA:10,0,0,1
BRDA:10,0,1,1
BRDA:47,1,0,1
BRDA:47,1,1,3
BRDA:54,2,0,1
BRDA:54,2,1,2
BRDA:64,3,0,1
BRDA:64,3,1,1
BRDA:89,4,0,1
BRDA:89,4,1,1
BRF:10
BRH:10
end_of_record
TN:
SF:controllers\ticket.controller.js
FN:5,(anonymous_0)
FN:47,(anonymous_1)
FN:103,(anonymous_2)
FN:123,(anonymous_3)
FN:143,(anonymous_4)
FNF:5
FNH:5
FNDA:2,(anonymous_0)
FNDA:4,(anonymous_1)
FNDA:3,(anonymous_2)
FNDA:6,(anonymous_3)
FNDA:5,(anonymous_4)
DA:1,1
DA:2,1
DA:3,1
DA:5,1
DA:6,2
DA:16,2
DA:21,2
DA:23,2
DA:24,2
DA:26,1
DA:27,1
DA:29,1
DA:31,1
DA:32,1
DA:33,1
DA:39,1
DA:43,1
DA:47,1
DA:48,4
DA:49,4
DA:51,3
DA:55,1
DA:67,1
DA:69,1
DA:72,2
DA:74,2
DA:75,1
DA:87,1
DA:89,1
DA:91,1
DA:96,1
DA:103,1
DA:104,3
DA:105,3
DA:108,2
DA:109,0
DA:110,2
DA:111,0
DA:112,2
DA:113,1
DA:114,1
DA:116,1
DA:117,0
DA:119,1
DA:123,1
DA:124,6
DA:125,6
DA:127,5
DA:128,4
DA:129,2
DA:130,2
DA:131,2
DA:132,1
DA:134,1
DA:136,1
DA:139,1
DA:143,1
DA:144,5
DA:145,5
DA:147,5
DA:148,5
DA:149,5
DA:151,4
DA:157,1
DA:158,1
DA:159,1
DA:160,1
DA:161,1
DA:166,3
DA:167,2
DA:168,1
DA:169,1
DA:170,1
DA:171,0
DA:173,1
LF:75
LH:71
BRDA:26,0,0,1
BRDA:26,0,1,0
BRDA:31,1,0,1
BRDA:31,1,1,0
BRDA:51,2,0,1
BRDA:51,2,1,2
BRDA:52,3,0,3
BRDA:52,3,1,3
BRDA:52,3,2,2
BRDA:56,4,0,0
BRDA:56,4,1,1
BRDA:58,5,0,0
BRDA:58,5,1,1
BRDA:61,6,0,1
BRDA:61,6,1,0
BRDA:65,7,0,0
BRDA:65,7,1,1
BRDA:74,8,0,1
BRDA:74,8,1,1
BRDA:76,9,0,0
BRDA:76,9,1,1
BRDA:78,10,0,0
BRDA:78,10,1,1
BRDA:81,11,0,0
BRDA:81,11,1,1
BRDA:85,12,0,0
BRDA:85,12,1,1
BRDA:108,13,0,0
BRDA:108,13,1,2
BRDA:110,14,0,0
BRDA:110,14,1,2
BRDA:112,15,0,1
BRDA:112,15,1,1
BRDA:116,16,0,1
BRDA:116,16,1,0
BRDA:127,17,0,4
BRDA:127,17,1,1
BRDA:128,18,0,2
BRDA:128,18,1,2
BRDA:129,19,0,0
BRDA:129,19,1,2
BRDA:131,20,0,1
BRDA:131,20,1,1
BRDA:151,21,0,1
BRDA:151,21,1,3
BRDA:152,22,0,4
BRDA:152,22,1,3
BRDA:152,22,2,2
BRDA:152,22,3,2
BRDA:166,23,0,1
BRDA:166,23,1,2
BRDA:167,24,0,1
BRDA:167,24,1,1
BRDA:169,25,0,1
BRDA:169,25,1,0
BRF:55
BRH:40
end_of_record
TN:
SF:controllers\user.controller.js
FN:4,(anonymous_0)
FN:15,(anonymous_1)
FN:25,(anonymous_2)
FNF:3
FNH:3
FNDA:2,(anonymous_0)
FNDA:2,(anonymous_1)
FNDA:3,(anonymous_2)
DA:1,1
DA:2,1
DA:4,1
DA:5,2
DA:6,2
DA:7,1
DA:8,1
DA:11,1
DA:15,1
DA:16,2
DA:17,2
DA:18,2
DA:19,1
DA:21,1
DA:25,1
DA:26,3
DA:27,3
DA:28,3
DA:29,3
DA:36,2
DA:37,1
DA:39,1
DA:42,1
LF:23
LH:23
BRDA:7,0,0,1
BRDA:7,0,1,0
BRDA:18,1,0,1
BRDA:18,1,1,1
BRDA:36,2,0,1
BRDA:36,2,1,1
BRF:6
BRH:5
end_of_record
TN:
SF:middlewares\auth.jwt.js
FN:7,(anonymous_0)
FN:26,(anonymous_1)
FN:38,(anonymous_2)
FNF:3
FNH:3
FNDA:3,(anonymous_0)
FNDA:2,(anonymous_1)
FNDA:2,(anonymous_2)
DA:1,1
DA:2,1
DA:4,1
DA:5,1
DA:7,1
DA:8,3
DA:10,3
DA:11,1
DA:13,2
DA:15,2
DA:16,1
DA:17,1
DA:19,1
DA:26,1
DA:27,2
DA:29,2
DA:30,1
DA:32,1
DA:38,1
DA:39,2
DA:40,2
DA:41,2
DA:42,9
DA:43,1
DA:46,1
DA:49,1
DA:55,1
LF:27
LH:27
BRDA:10,0,0,1
BRDA:10,0,1,2
BRDA:15,1,0,1
BRDA:15,1,1,1
BRDA:29,2,0,1
BRDA:29,2,1,1
BRDA:29,3,0,2
BRDA:29,3,1,2
BRDA:42,4,0,1
BRDA:42,4,1,8
BRF:10
BRH:10
end_of_record
TN:
SF:middlewares\verifySignUp.js
FN:4,(anonymous_0)
FNF:1
FNH:1
FNDA:7,(anonymous_0)
DA:1,1
DA:2,1
DA:4,1
DA:8,7
DA:9,1
DA:16,6
DA:17,1
DA:24,5
DA:25,5
DA:26,1
DA:33,4
DA:34,1
DA:39,3
DA:40,3
DA:41,1
DA:48,2
DA:49,2
DA:50,2
DA:51,1
DA:54,1
DA:57,1
DA:60,1
DA:64,1
LF:23
LH:23
BRDA:8,0,0,1
BRDA:8,0,1,6
BRDA:16,1,0,1
BRDA:16,1,1,5
BRDA:25,2,0,1
BRDA:25,2,1,4
BRDA:33,3,0,1
BRDA:33,3,1,3
BRDA:33,4,0,4
BRDA:33,4,1,4
BRDA:33,4,2,4
BRDA:33,4,3,3
BRDA:40,5,0,1
BRDA:40,5,1,2
BRDA:50,6,0,1
BRDA:50,6,1,1
BRDA:50,7,0,2
BRDA:50,7,1,2
BRF:18
BRH:18
end_of_record
TN:
SF:middlewares\verifyTicketReqBody.js
FN:3,(anonymous_0)
FN:21,(anonymous_1)
FNF:2
FNH:2
FNDA:3,(anonymous_0)
FNDA:2,(anonymous_1)
DA:1,1
DA:3,1
DA:5,3
DA:6,1
DA:12,2
DA:13,1
DA:18,1
DA:21,1
DA:22,2
DA:24,2
DA:31,2
DA:32,1
DA:37,1
DA:40,1
DA:46,1
LF:15
LH:15
BRDA:5,0,0,1
BRDA:5,0,1,2
BRDA:12,1,0,1
BRDA:12,1,1,1
BRDA:31,2,0,1
BRDA:31,2,1,1
BRDA:31,3,0,2
BRDA:31,3,1,2
BRF:8
BRH:8
end_of_record
TN:
SF:models\ticket.model.js
FN:30,(anonymous_0)
FN:35,(anonymous_1)
FNF:2
FNH:0
FNDA:0,(anonymous_0)
FNDA:0,(anonymous_1)
DA:1,1
DA:3,1
DA:30,0
DA:35,0
DA:39,1
LF:5
LH:3
BRF:0
BRH:0
end_of_record
TN:
SF:models\user.model.js
FN:45,(anonymous_0)
FN:49,(anonymous_1)
FNF:2
FNH:2
FNDA:1,(anonymous_0)
FNDA:1,(anonymous_1)
DA:1,5
DA:3,5
DA:45,1
DA:49,1
DA:53,5
LF:5
LH:5
BRF:0
BRH:0
end_of_record
TN:
SF:test\db.js
FN:7,(anonymous_0)
FN:20,(anonymous_1)
FN:28,(anonymous_2)
FNF:3
FNH:3
FNDA:1,(anonymous_0)
FNDA:1,(anonymous_1)
FNDA:6,(anonymous_2)
DA:1,2
DA:2,2
DA:7,2
DA:8,1
DA:9,1
DA:10,1
DA:11,1
DA:15,1
DA:20,2
DA:21,1
DA:22,1
DA:23,1
DA:24,1
DA:28,2
DA:29,6
DA:30,6
DA:31,6
DA:32,6
LF:18
LH:18
BRDA:8,0,0,1
BRDA:8,0,1,0
BRDA:23,1,0,1
BRDA:23,1,1,0
BRF:4
BRH:2
end_of_record
TN:
SF:test\interceptor.js
FN:2,(anonymous_0)
FN:8,(anonymous_1)
FN:15,(anonymous_2)
FNF:3
FNH:3
FNDA:52,(anonymous_0)
FNDA:52,(anonymous_1)
FNDA:19,(anonymous_2)
DA:1,6
DA:3,52
DA:4,52
DA:5,52
DA:6,52
DA:9,52
DA:10,52
DA:11,52
DA:12,52
DA:13,52
DA:16,19
DA:17,19
LF:12
LH:12
BRF:0
BRH:0
end_of_record
TN:
SF:utils\constants.js
FNF:0
FNH:0
DA:1,5
LF:1
LH:1
BRF:0
BRH:0
end_of_record
TN:
SF:utils\converUserObject.js
FN:1,(anonymous_0)
FN:3,(anonymous_1)
FNF:2
FNH:0
FNDA:0,(anonymous_0)
FNDA:0,(anonymous_1)
DA:1,1
DA:2,0
DA:3,0
DA:4,0
DA:11,0
LF:5
LH:1
BRF:0
BRH:0
end_of_record
